<?xml version="1.0" encoding="UTF-8"?>
<!-- Generated by org.testng.reporters.JUnitXMLReporter -->
<testsuite ignored="0" hostname="LAPTOP-0F50EI7N" failures="1" tests="1" name="product all test" time="0.034" errors="0" timestamp="2020-04-24T17:06:06 EDT">
  <testcase classname="com.demo.practice.TestNGParameter" name="testngparameter" time="0.0">
    <failure type="org.testng.TestNGException" message="
Parameter &amp;apos;itemname2price&amp;apos; is required by @Test on method testngparameter but has not been marked @Optional or defined
in C:\Users\asifh\eclipse-workspace\SeleniumTestSuits\src\testngparameter.xml">
      <![CDATA[org.testng.TestNGException: 
Parameter 'itemname2price' is required by @Test on method testngparameter but has not been marked @Optional or defined
in C:\Users\asifh\eclipse-workspace\SeleniumTestSuits\src\testngparameter.xml
at java.base/java.util.ArrayList.forEach(ArrayList.java:1510)
... Removed 26 stack frames]]>
    </failure>
  </testcase> <!-- testngparameter -->
</testsuite> <!-- product all test -->
